<?xml version="1.0" encoding="UTF-8"?>
<!-- Generated by org.testng.reporters.JUnitReportReporter -->
<testsuite hostname="TechAviator-PC" name="uj.Realestate" tests="2" failures="0" timestamp="6 May 2016 16:09:47 GMT" time="53.778" errors="0">
  <testcase name="EMICalc" time="25.144" classname="uj.Realestate"/>
  <testcase name="EMICalc" time="28.634" classname="uj.Realestate"/>
</testsuite> <!-- uj.Realestate -->
