<?xml version="1.0" encoding="UTF-8"?>
<!-- Generated by org.testng.reporters.JUnitReportReporter -->
<testsuite hostname="TechAviator-PC" name="ui.mort_calc" tests="2" failures="0" timestamp="6 May 2016 16:47:36 GMT" time="50.076" errors="0">
  <testcase name="EMI_Calc" time="29.504" classname="ui.mort_calc"/>
  <testcase name="EMI_Calc" time="20.572" classname="ui.mort_calc"/>
</testsuite> <!-- ui.mort_calc -->
