<?xml version="1.0" encoding="UTF-8"?>
<!-- Generated by org.testng.reporters.JUnitReportReporter -->
<testsuite hostname="TechAviator-PC" name="testpar.NewTest" tests="2" failures="0" timestamp="3 May 2016 12:32:27 GMT" time="49.008" errors="0">
  <testcase name="f" time="25.604" classname="testpar.NewTest"/>
  <testcase name="f" time="23.404" classname="testpar.NewTest"/>
</testsuite> <!-- testpar.NewTest -->
