<?xml version="1.0" encoding="UTF-8"?>
<!-- Generated by org.testng.reporters.JUnitReportReporter -->
<testsuite hostname="TechAviator-PC" name="Day9.Testng_learning" tests="3" failures="0" timestamp="8 May 2016 05:36:55 GMT" time="0.041" errors="0">
  <testcase name="closeapp" time="0.037" classname="Day9.Testng_learning"/>
  <testcase name="sendmail" time="0.002" classname="Day9.Testng_learning"/>
  <testcase name="login" time="0.002" classname="Day9.Testng_learning"/>
</testsuite> <!-- Day9.Testng_learning -->
