<?xml version="1.0" encoding="UTF-8"?>
<!-- Generated by org.testng.reporters.JUnitReportReporter -->
<testsuite hostname="TechAviator-PC" name="Day8.mort_calc_grid" tests="2" failures="0" timestamp="8 May 2016 05:24:46 GMT" time="62.645" errors="0">
  <testcase name="getEMI" time="36.186" classname="Day8.mort_calc_grid"/>
  <testcase name="getEMI" time="26.459" classname="Day8.mort_calc_grid"/>
</testsuite> <!-- Day8.mort_calc_grid -->
