<?xml version="1.0" encoding="UTF-8"?>
<!-- Generated by org.testng.reporters.JUnitReportReporter -->
<testsuite hostname="TechAviator-PC" name="Day9.Testng_part2" tests="3" failures="0" timestamp="8 May 2016 05:41:19 GMT" time="0.037" errors="0">
  <testcase name="sendmail" time="0.029" classname="Day9.Testng_part2"/>
  <testcase name="closeapp" time="0.005" classname="Day9.Testng_part2"/>
  <testcase name="login" time="0.003" classname="Day9.Testng_part2"/>
</testsuite> <!-- Day9.Testng_part2 -->
