<?xml version="1.0" encoding="UTF-8"?>
<!-- Generated by org.testng.reporters.JUnitReportReporter -->
<testsuite hostname="TechAviator-PC" name="Day8.mort_calc_grid" tests="2" failures="0" timestamp="21 May 2016 07:16:18 GMT" time="58.420" errors="0">
  <testcase name="getEMI" time="27.994" classname="Day8.mort_calc_grid"/>
  <testcase name="getEMI" time="30.426" classname="Day8.mort_calc_grid"/>
</testsuite> <!-- Day8.mort_calc_grid -->
